<?xml version="1.0" encoding="UTF-8"?>
<!-- Generated by org.testng.reporters.JUnitReportReporter -->
<testsuite skipped="0" hostname="SR-C02ZM0XQLVDQ" name="cucmberTestNGTestRunner.RegressionTestRunner" tests="1" failures="0" timestamp="2020-03-24T15:36:48 MDT" time="30.315" errors="1">
  <testcase name="feature" time="30.315" classname="cucmberTestNGTestRunner.RegressionTestRunner">
    <error type="cucumber.runtime.CucumberException" message="java.lang.IllegalStateException: No reporters were started. Atleast 1 reporter must be started to create tests.">
      <![CDATA[cucumber.runtime.CucumberException: java.lang.IllegalStateException: No reporters were started. Atleast 1 reporter must be started to create tests.
at cucumber.api.testng.TestNGCucumberRunner.runCucumber(TestNGCucumberRunner.java:69)
at cucmberTestNGTestRunner.RegressionTestRunner.feature(RegressionTestRunner.java:44)
at sun.reflect.NativeMethodAccessorImpl.invoke0(Native Method)
at sun.reflect.NativeMethodAccessorImpl.invoke(NativeMethodAccessorImpl.java:62)
at sun.reflect.DelegatingMethodAccessorImpl.invoke(DelegatingMethodAccessorImpl.java:43)
at java.lang.reflect.Method.invoke(Method.java:498)
at org.testng.internal.MethodInvocationHelper.invokeMethod(MethodInvocationHelper.java:133)
at org.testng.internal.TestInvoker.invokeMethod(TestInvoker.java:584)
at org.testng.internal.TestInvoker.invokeTestMethod(TestInvoker.java:172)
at org.testng.internal.MethodRunner.runInSequence(MethodRunner.java:46)
at org.testng.internal.TestInvoker$MethodInvocationAgent.invoke(TestInvoker.java:804)
at org.testng.internal.TestInvoker.invokeTestMethods(TestInvoker.java:145)
at org.testng.internal.TestMethodWorker.invokeTestMethods(TestMethodWorker.java:146)
at org.testng.internal.TestMethodWorker.run(TestMethodWorker.java:128)
at java.util.ArrayList.forEach(ArrayList.java:1257)
at org.testng.TestRunner.privateRun(TestRunner.java:770)
at org.testng.TestRunner.run(TestRunner.java:591)
at org.testng.SuiteRunner.runTest(SuiteRunner.java:402)
at org.testng.SuiteRunner.runSequentially(SuiteRunner.java:396)
at org.testng.SuiteRunner.privateRun(SuiteRunner.java:355)
at org.testng.SuiteRunner.run(SuiteRunner.java:304)
at org.testng.SuiteRunnerWorker.runSuite(SuiteRunnerWorker.java:53)
at org.testng.SuiteRunnerWorker.run(SuiteRunnerWorker.java:96)
at org.testng.TestNG.runSuitesSequentially(TestNG.java:1180)
at org.testng.TestNG.runSuitesLocally(TestNG.java:1102)
at org.testng.TestNG.runSuites(TestNG.java:1032)
at org.testng.TestNG.run(TestNG.java:1000)
at org.testng.remote.AbstractRemoteTestNG.run(AbstractRemoteTestNG.java:115)
at org.testng.remote.RemoteTestNG.initAndRun(RemoteTestNG.java:251)
at org.testng.remote.RemoteTestNG.main(RemoteTestNG.java:77)
Caused by: java.lang.IllegalStateException: No reporters were started. Atleast 1 reporter must be started to create tests.
at com.aventstack.extentreports.Report.createTest(Report.java:64)
at com.aventstack.extentreports.ExtentReports.createTest(ExtentReports.java:232)
at com.aventstack.extentreports.ExtentReports.createTest(ExtentReports.java:245)
at adPortalstepdefinitions.AdPortal_LogIn_001_StepDefinition.enter_UserName_and_Password(AdPortal_LogIn_001_StepDefinition.java:69)
at ✽.When User enters username and password and clicks log in(AdPortal_LogIn_001.feature:7)
]]>
    </error>
  </testcase> <!-- feature -->
</testsuite> <!-- cucmberTestNGTestRunner.RegressionTestRunner -->
