<?xml version="1.0" encoding="UTF-8"?>
<testng-results skipped="0" failed="0" ignored="0" total="1" passed="1">
  <reporter-output>
  </reporter-output>
  <suite name="Default suite" duration-ms="11794" started-at="2020-04-07T14:19:29 MDT" finished-at="2020-04-07T14:19:41 MDT">
    <groups>
      <group name="cucumber">
        <method signature="AdPortal_Reach_Intro_Page_TestRunner.feature(cucumber.api.testng.CucumberFeatureWrapper)[pri:0, instance:cucmberTestNGTestRunner.AdPortal_Reach_Intro_Page_TestRunner@4ba2ca36]" name="feature" class="cucmberTestNGTestRunner.AdPortal_Reach_Intro_Page_TestRunner"/>
      </group> <!-- cucumber -->
    </groups>
    <test name="Default test" duration-ms="11794" started-at="2020-04-07T14:19:29 MDT" finished-at="2020-04-07T14:19:41 MDT">
      <class name="cucmberTestNGTestRunner.AdPortal_Reach_Intro_Page_TestRunner">
        <test-method status="PASS" signature="setUpClass()[pri:0, instance:cucmberTestNGTestRunner.AdPortal_Reach_Intro_Page_TestRunner@4ba2ca36]" name="setUpClass" is-config="true" duration-ms="159" started-at="2020-04-07T14:19:29 MDT" finished-at="2020-04-07T14:19:30 MDT">
          <reporter-output>
          </reporter-output>
        </test-method> <!-- setUpClass -->
        <test-method status="PASS" signature="feature(cucumber.api.testng.CucumberFeatureWrapper)[pri:0, instance:cucmberTestNGTestRunner.AdPortal_Reach_Intro_Page_TestRunner@4ba2ca36]" name="feature" duration-ms="11238" started-at="2020-04-07T14:19:30 MDT" description="Runs cucmber Features" data-provider="features" finished-at="2020-04-07T14:19:41 MDT">
          <params>
            <param index="0">
              <value>
                <![CDATA[Reach Intro Page Validation]]>
              </value>
            </param>
          </params>
          <reporter-output>
          </reporter-output>
        </test-method> <!-- feature -->
        <test-method status="PASS" signature="testDownClass()[pri:0, instance:cucmberTestNGTestRunner.AdPortal_Reach_Intro_Page_TestRunner@4ba2ca36]" name="testDownClass" is-config="true" duration-ms="326" started-at="2020-04-07T14:19:41 MDT" finished-at="2020-04-07T14:19:41 MDT">
          <reporter-output>
          </reporter-output>
        </test-method> <!-- testDownClass -->
      </class> <!-- cucmberTestNGTestRunner.AdPortal_Reach_Intro_Page_TestRunner -->
    </test> <!-- Default test -->
  </suite> <!-- Default suite -->
</testng-results>
