<?xml version="1.0" encoding="UTF-8"?>
<testng-results skipped="0" failed="0" ignored="0" total="1" passed="1">
  <reporter-output>
  </reporter-output>
  <suite name="Default suite" duration-ms="6730" started-at="2020-03-25T00:04:32 MDT" finished-at="2020-03-25T00:04:39 MDT">
    <groups>
      <group name="cucumber">
        <method signature="Adportal_LogIn_001_TestRunner.feature(cucumber.api.testng.CucumberFeatureWrapper)[pri:0, instance:cucmberTestNGTestRunner.Adportal_LogIn_001_TestRunner@11e21d0e]" name="feature" class="cucmberTestNGTestRunner.Adportal_LogIn_001_TestRunner"/>
      </group> <!-- cucumber -->
    </groups>
    <test name="Default test" duration-ms="6730" started-at="2020-03-25T00:04:32 MDT" finished-at="2020-03-25T00:04:39 MDT">
      <class name="cucmberTestNGTestRunner.Adportal_LogIn_001_TestRunner">
        <test-method status="PASS" signature="setUpClass()[pri:0, instance:cucmberTestNGTestRunner.Adportal_LogIn_001_TestRunner@11e21d0e]" name="setUpClass" is-config="true" duration-ms="152" started-at="2020-03-25T00:04:32 MDT" finished-at="2020-03-25T00:04:32 MDT">
          <reporter-output>
          </reporter-output>
        </test-method> <!-- setUpClass -->
        <test-method status="PASS" signature="feature(cucumber.api.testng.CucumberFeatureWrapper)[pri:0, instance:cucmberTestNGTestRunner.Adportal_LogIn_001_TestRunner@11e21d0e]" name="feature" duration-ms="6481" started-at="2020-03-25T00:04:33 MDT" description="Runs cucmber Features" data-provider="features" finished-at="2020-03-25T00:04:39 MDT">
          <params>
            <param index="0">
              <value>
                <![CDATA[AdPortal UAT login  feature]]>
              </value>
            </param>
          </params>
          <reporter-output>
          </reporter-output>
        </test-method> <!-- feature -->
        <test-method status="PASS" signature="testDownClass()[pri:0, instance:cucmberTestNGTestRunner.Adportal_LogIn_001_TestRunner@11e21d0e]" name="testDownClass" is-config="true" duration-ms="6" started-at="2020-03-25T00:04:39 MDT" finished-at="2020-03-25T00:04:39 MDT">
          <reporter-output>
          </reporter-output>
        </test-method> <!-- testDownClass -->
      </class> <!-- cucmberTestNGTestRunner.Adportal_LogIn_001_TestRunner -->
    </test> <!-- Default test -->
  </suite> <!-- Default suite -->
</testng-results>
