<?xml version="1.0" encoding="UTF-8"?>
<testng-results skipped="0" failed="0" ignored="0" total="1" passed="1">
  <reporter-output>
  </reporter-output>
  <suite name="Default suite" duration-ms="71395" started-at="2020-04-09T17:15:50 MDT" finished-at="2020-04-09T17:17:02 MDT">
    <groups>
      <group name="cucumber">
        <method signature="AdPortal_Commercial_Upload_TestRunner.feature(cucumber.api.testng.CucumberFeatureWrapper)[pri:0, instance:cucmberTestNGTestRunner.AdPortal_Commercial_Upload_TestRunner@4ba2ca36]" name="feature" class="cucmberTestNGTestRunner.AdPortal_Commercial_Upload_TestRunner"/>
      </group> <!-- cucumber -->
    </groups>
    <test name="Default test" duration-ms="71395" started-at="2020-04-09T17:15:50 MDT" finished-at="2020-04-09T17:17:02 MDT">
      <class name="cucmberTestNGTestRunner.AdPortal_Commercial_Upload_TestRunner">
        <test-method status="PASS" signature="setUpClass()[pri:0, instance:cucmberTestNGTestRunner.AdPortal_Commercial_Upload_TestRunner@4ba2ca36]" name="setUpClass" is-config="true" duration-ms="208" started-at="2020-04-09T17:15:50 MDT" finished-at="2020-04-09T17:15:51 MDT">
          <reporter-output>
          </reporter-output>
        </test-method> <!-- setUpClass -->
        <test-method status="PASS" signature="feature(cucumber.api.testng.CucumberFeatureWrapper)[pri:0, instance:cucmberTestNGTestRunner.AdPortal_Commercial_Upload_TestRunner@4ba2ca36]" name="feature" duration-ms="70878" started-at="2020-04-09T17:15:51 MDT" description="Runs cucmber Features" data-provider="features" finished-at="2020-04-09T17:17:02 MDT">
          <params>
            <param index="0">
              <value>
                <![CDATA[AdPortal UAT]]>
              </value>
            </param>
          </params>
          <reporter-output>
          </reporter-output>
        </test-method> <!-- feature -->
        <test-method status="PASS" signature="testDownClass()[pri:0, instance:cucmberTestNGTestRunner.AdPortal_Commercial_Upload_TestRunner@4ba2ca36]" name="testDownClass" is-config="true" duration-ms="225" started-at="2020-04-09T17:17:02 MDT" finished-at="2020-04-09T17:17:02 MDT">
          <reporter-output>
          </reporter-output>
        </test-method> <!-- testDownClass -->
      </class> <!-- cucmberTestNGTestRunner.AdPortal_Commercial_Upload_TestRunner -->
    </test> <!-- Default test -->
  </suite> <!-- Default suite -->
</testng-results>
