<?xml version="1.0" encoding="UTF-8"?>
<testng-results ignored="0" total="1" passed="1" failed="0" skipped="0">
  <reporter-output>
  </reporter-output>
  <suite started-at="2020-03-18T21:31:38 MDT" name="Default suite" finished-at="2020-03-18T21:31:44 MDT" duration-ms="5361">
    <groups>
      <group name="cucumber">
        <method signature="Adportal_LogIn_001_TestRunner.feature(cucumber.api.testng.CucumberFeatureWrapper)[pri:0, instance:cucmberTestNGTestRunner.Adportal_LogIn_001_TestRunner@6e75aa0d]" name="feature" class="cucmberTestNGTestRunner.Adportal_LogIn_001_TestRunner"/>
      </group> <!-- cucumber -->
    </groups>
    <test started-at="2020-03-18T21:31:38 MDT" name="Default test" finished-at="2020-03-18T21:31:44 MDT" duration-ms="5361">
      <class name="cucmberTestNGTestRunner.Adportal_LogIn_001_TestRunner">
        <test-method is-config="true" signature="setUpClass()[pri:0, instance:cucmberTestNGTestRunner.Adportal_LogIn_001_TestRunner@6e75aa0d]" started-at="2020-03-18T21:31:38 MDT" name="setUpClass" finished-at="2020-03-18T21:31:38 MDT" duration-ms="154" status="PASS">
          <reporter-output>
          </reporter-output>
        </test-method> <!-- setUpClass -->
        <test-method signature="feature(cucumber.api.testng.CucumberFeatureWrapper)[pri:0, instance:cucmberTestNGTestRunner.Adportal_LogIn_001_TestRunner@6e75aa0d]" started-at="2020-03-18T21:31:39 MDT" name="feature" description="Runs cucmber Features" data-provider="features" finished-at="2020-03-18T21:31:44 MDT" duration-ms="5138" status="PASS">
          <params>
            <param index="0">
              <value>
                <![CDATA[AdPortal UAT login  feature]]>
              </value>
            </param>
          </params>
          <reporter-output>
          </reporter-output>
        </test-method> <!-- feature -->
        <test-method is-config="true" signature="testDownClass()[pri:0, instance:cucmberTestNGTestRunner.Adportal_LogIn_001_TestRunner@6e75aa0d]" started-at="2020-03-18T21:31:44 MDT" name="testDownClass" finished-at="2020-03-18T21:31:44 MDT" duration-ms="9" status="PASS">
          <reporter-output>
          </reporter-output>
        </test-method> <!-- testDownClass -->
      </class> <!-- cucmberTestNGTestRunner.Adportal_LogIn_001_TestRunner -->
    </test> <!-- Default test -->
  </suite> <!-- Default suite -->
</testng-results>
