<?xml version="1.0" encoding="UTF-8"?>
<testng-results ignored="0" total="1" passed="1" failed="0" skipped="0">
  <reporter-output>
  </reporter-output>
  <suite started-at="2020-03-04T14:35:16 MST" name="Default suite" finished-at="2020-03-04T14:35:16 MST" duration-ms="26">
    <groups>
    </groups>
    <test started-at="2020-03-04T14:35:16 MST" name="Default test" finished-at="2020-03-04T14:35:16 MST" duration-ms="26">
      <class name="com.SpectrumReach_MS_Automation.Tests.Adportal_AutomationTest">
        <test-method signature="sum()[pri:0, instance:com.SpectrumReach_MS_Automation.Tests.Adportal_AutomationTest@2d9d4f9d]" started-at="2020-03-04T14:35:16 MST" name="sum" finished-at="2020-03-04T14:35:16 MST" duration-ms="5" status="PASS">
          <reporter-output>
          </reporter-output>
        </test-method> <!-- sum -->
      </class> <!-- com.SpectrumReach_MS_Automation.Tests.Adportal_AutomationTest -->
    </test> <!-- Default test -->
  </suite> <!-- Default suite -->
</testng-results>
