<?xml version="1.0" encoding="UTF-8"?>
<testng-results skipped="0" failed="0" ignored="0" total="2" passed="2">
  <reporter-output>
  </reporter-output>
  <suite name="Suite" duration-ms="39222" started-at="2020-03-30T15:32:35 MDT" finished-at="2020-03-30T15:33:14 MDT">
    <groups>
      <group name="cucumber">
        <method signature="AdPortal_SSU_LogIn_SignUp_001_TestRunner.feature(cucumber.api.testng.CucumberFeatureWrapper)[pri:0, instance:cucmberTestNGTestRunner.AdPortal_SSU_LogIn_SignUp_001_TestRunner@1e802ef9]" name="feature" class="cucmberTestNGTestRunner.AdPortal_SSU_LogIn_SignUp_001_TestRunner"/>
        <method signature="Adportal_LogIn_001_TestRunner.feature(cucumber.api.testng.CucumberFeatureWrapper)[pri:0, instance:cucmberTestNGTestRunner.Adportal_LogIn_001_TestRunner@2b6faea6]" name="feature" class="cucmberTestNGTestRunner.Adportal_LogIn_001_TestRunner"/>
      </group> <!-- cucumber -->
    </groups>
    <test name="AdPortal Regression Test" duration-ms="39222" started-at="2020-03-30T15:32:35 MDT" finished-at="2020-03-30T15:33:14 MDT">
      <class name="cucmberTestNGTestRunner.AdPortal_SSU_LogIn_SignUp_001_TestRunner">
        <test-method status="PASS" signature="setUpClass()[pri:0, instance:cucmberTestNGTestRunner.AdPortal_SSU_LogIn_SignUp_001_TestRunner@1e802ef9]" name="setUpClass" is-config="true" duration-ms="144" started-at="2020-03-30T15:32:35 MDT" finished-at="2020-03-30T15:32:35 MDT">
          <reporter-output>
          </reporter-output>
        </test-method> <!-- setUpClass -->
        <test-method status="PASS" signature="feature(cucumber.api.testng.CucumberFeatureWrapper)[pri:0, instance:cucmberTestNGTestRunner.AdPortal_SSU_LogIn_SignUp_001_TestRunner@1e802ef9]" name="feature" duration-ms="26347" started-at="2020-03-30T15:32:35 MDT" description="Runs cucmber Features" data-provider="features" finished-at="2020-03-30T15:33:01 MDT">
          <params>
            <param index="0">
              <value>
                <![CDATA[SSO LogIN SignUP AdportalUAT]]>
              </value>
            </param>
          </params>
          <reporter-output>
          </reporter-output>
        </test-method> <!-- feature -->
        <test-method status="PASS" signature="testDownClass()[pri:0, instance:cucmberTestNGTestRunner.AdPortal_SSU_LogIn_SignUp_001_TestRunner@1e802ef9]" name="testDownClass" is-config="true" duration-ms="216" started-at="2020-03-30T15:33:01 MDT" finished-at="2020-03-30T15:33:01 MDT">
          <reporter-output>
          </reporter-output>
        </test-method> <!-- testDownClass -->
      </class> <!-- cucmberTestNGTestRunner.AdPortal_SSU_LogIn_SignUp_001_TestRunner -->
      <class name="cucmberTestNGTestRunner.Adportal_LogIn_001_TestRunner">
        <test-method status="PASS" signature="setUpClass()[pri:0, instance:cucmberTestNGTestRunner.Adportal_LogIn_001_TestRunner@2b6faea6]" name="setUpClass" is-config="true" duration-ms="11" started-at="2020-03-30T15:33:01 MDT" finished-at="2020-03-30T15:33:01 MDT">
          <reporter-output>
          </reporter-output>
        </test-method> <!-- setUpClass -->
        <test-method status="PASS" signature="feature(cucumber.api.testng.CucumberFeatureWrapper)[pri:0, instance:cucmberTestNGTestRunner.Adportal_LogIn_001_TestRunner@2b6faea6]" name="feature" duration-ms="12389" started-at="2020-03-30T15:33:01 MDT" description="Runs cucmber Features" data-provider="features" finished-at="2020-03-30T15:33:14 MDT">
          <params>
            <param index="0">
              <value>
                <![CDATA[AdPortal UAT login  feature]]>
              </value>
            </param>
          </params>
          <reporter-output>
          </reporter-output>
        </test-method> <!-- feature -->
        <test-method status="PASS" signature="testDownClass()[pri:0, instance:cucmberTestNGTestRunner.Adportal_LogIn_001_TestRunner@2b6faea6]" name="testDownClass" is-config="true" duration-ms="45" started-at="2020-03-30T15:33:14 MDT" finished-at="2020-03-30T15:33:14 MDT">
          <reporter-output>
          </reporter-output>
        </test-method> <!-- testDownClass -->
      </class> <!-- cucmberTestNGTestRunner.Adportal_LogIn_001_TestRunner -->
    </test> <!-- AdPortal Regression Test -->
  </suite> <!-- Suite -->
</testng-results>
