<?xml version="1.0" encoding="UTF-8"?>
<testng-results skipped="0" failed="0" ignored="0" total="6" passed="6">
  <reporter-output>
  </reporter-output>
  <suite name="Default suite" duration-ms="174080" started-at="2020-04-17T16:21:49 MDT" finished-at="2020-04-17T16:24:43 MDT">
    <groups>
      <group name="cucumber">
        <method signature="RegressionTestRunner.feature(cucumber.api.testng.CucumberFeatureWrapper)[pri:0, instance:cucmberTestNGTestRunner.RegressionTestRunner@6a79c292]" name="feature" class="cucmberTestNGTestRunner.RegressionTestRunner"/>
      </group> <!-- cucumber -->
    </groups>
    <test name="Default test" duration-ms="174080" started-at="2020-04-17T16:21:49 MDT" finished-at="2020-04-17T16:24:43 MDT">
      <class name="cucmberTestNGTestRunner.RegressionTestRunner">
        <test-method status="PASS" signature="setUpClass()[pri:0, instance:cucmberTestNGTestRunner.RegressionTestRunner@6a79c292]" name="setUpClass" is-config="true" duration-ms="162" started-at="2020-04-17T16:21:49 MDT" finished-at="2020-04-17T16:21:49 MDT">
          <reporter-output>
          </reporter-output>
        </test-method> <!-- setUpClass -->
        <test-method status="PASS" signature="feature(cucumber.api.testng.CucumberFeatureWrapper)[pri:0, instance:cucmberTestNGTestRunner.RegressionTestRunner@6a79c292]" name="feature" duration-ms="84877" started-at="2020-04-17T16:21:49 MDT" description="Runs cucmber Features" data-provider="features" finished-at="2020-04-17T16:23:14 MDT">
          <params>
            <param index="0">
              <value>
                <![CDATA[AdPortal UAT create campaign feature]]>
              </value>
            </param>
          </params>
          <reporter-output>
          </reporter-output>
        </test-method> <!-- feature -->
        <test-method status="PASS" signature="feature(cucumber.api.testng.CucumberFeatureWrapper)[pri:0, instance:cucmberTestNGTestRunner.RegressionTestRunner@6a79c292]" name="feature" duration-ms="7052" started-at="2020-04-17T16:23:14 MDT" description="Runs cucmber Features" data-provider="features" finished-at="2020-04-17T16:23:21 MDT">
          <params>
            <param index="0">
              <value>
                <![CDATA[AdPortal UAT log in]]>
              </value>
            </param>
          </params>
          <reporter-output>
          </reporter-output>
        </test-method> <!-- feature -->
        <test-method status="PASS" signature="feature(cucumber.api.testng.CucumberFeatureWrapper)[pri:0, instance:cucmberTestNGTestRunner.RegressionTestRunner@6a79c292]" name="feature" duration-ms="25259" started-at="2020-04-17T16:23:21 MDT" description="Runs cucmber Features" data-provider="features" finished-at="2020-04-17T16:23:46 MDT">
          <params>
            <param index="0">
              <value>
                <![CDATA[New customer dashboard view feature]]>
              </value>
            </param>
          </params>
          <reporter-output>
          </reporter-output>
        </test-method> <!-- feature -->
        <test-method status="PASS" signature="feature(cucumber.api.testng.CucumberFeatureWrapper)[pri:0, instance:cucmberTestNGTestRunner.RegressionTestRunner@6a79c292]" name="feature" duration-ms="31156" started-at="2020-04-17T16:23:46 MDT" description="Runs cucmber Features" data-provider="features" finished-at="2020-04-17T16:24:17 MDT">
          <params>
            <param index="0">
              <value>
                <![CDATA[AdPortal UAT new user FAQ link functionlaity]]>
              </value>
            </param>
          </params>
          <reporter-output>
          </reporter-output>
        </test-method> <!-- feature -->
        <test-method status="PASS" signature="feature(cucumber.api.testng.CucumberFeatureWrapper)[pri:0, instance:cucmberTestNGTestRunner.RegressionTestRunner@6a79c292]" name="feature" duration-ms="6916" started-at="2020-04-17T16:24:17 MDT" description="Runs cucmber Features" data-provider="features" finished-at="2020-04-17T16:24:24 MDT">
          <params>
            <param index="0">
              <value>
                <![CDATA[Reach intro page validation]]>
              </value>
            </param>
          </params>
          <reporter-output>
          </reporter-output>
        </test-method> <!-- feature -->
        <test-method status="PASS" signature="feature(cucumber.api.testng.CucumberFeatureWrapper)[pri:0, instance:cucmberTestNGTestRunner.RegressionTestRunner@6a79c292]" name="feature" duration-ms="18296" started-at="2020-04-17T16:24:24 MDT" description="Runs cucmber Features" data-provider="features" finished-at="2020-04-17T16:24:43 MDT">
          <params>
            <param index="0">
              <value>
                <![CDATA[SSO LogIn SignUP AdportalUAT]]>
              </value>
            </param>
          </params>
          <reporter-output>
          </reporter-output>
        </test-method> <!-- feature -->
        <test-method status="PASS" signature="testDownClass()[pri:0, instance:cucmberTestNGTestRunner.RegressionTestRunner@6a79c292]" name="testDownClass" is-config="true" duration-ms="277" started-at="2020-04-17T16:24:43 MDT" finished-at="2020-04-17T16:24:43 MDT">
          <reporter-output>
          </reporter-output>
        </test-method> <!-- testDownClass -->
      </class> <!-- cucmberTestNGTestRunner.RegressionTestRunner -->
    </test> <!-- Default test -->
  </suite> <!-- Default suite -->
</testng-results>
