<?xml version="1.0" encoding="UTF-8"?>
<testng-results skipped="0" failed="1" ignored="0" total="1" passed="0">
  <reporter-output>
  </reporter-output>
  <suite name="Default suite" duration-ms="38771" started-at="2020-03-25T12:51:23 MDT" finished-at="2020-03-25T12:52:02 MDT">
    <groups>
      <group name="cucumber">
        <method signature="AdPortal_LogIn_002_TestRunner.feature(cucumber.api.testng.CucumberFeatureWrapper)[pri:0, instance:cucmberTestNGTestRunner.AdPortal_LogIn_002_TestRunner@11e21d0e]" name="feature" class="cucmberTestNGTestRunner.AdPortal_LogIn_002_TestRunner"/>
      </group> <!-- cucumber -->
    </groups>
    <test name="Default test" duration-ms="38771" started-at="2020-03-25T12:51:23 MDT" finished-at="2020-03-25T12:52:02 MDT">
      <class name="cucmberTestNGTestRunner.AdPortal_LogIn_002_TestRunner">
        <test-method status="PASS" signature="setUpClass()[pri:0, instance:cucmberTestNGTestRunner.AdPortal_LogIn_002_TestRunner@11e21d0e]" name="setUpClass" is-config="true" duration-ms="183" started-at="2020-03-25T12:51:23 MDT" finished-at="2020-03-25T12:51:23 MDT">
          <reporter-output>
          </reporter-output>
        </test-method> <!-- setUpClass -->
        <test-method status="FAIL" signature="feature(cucumber.api.testng.CucumberFeatureWrapper)[pri:0, instance:cucmberTestNGTestRunner.AdPortal_LogIn_002_TestRunner@11e21d0e]" name="feature" duration-ms="38500" started-at="2020-03-25T12:51:24 MDT" description="Runs cucmber Features" data-provider="features" finished-at="2020-03-25T12:52:02 MDT">
          <params>
            <param index="0">
              <value>
                <![CDATA[AdPortal UAT login  feature]]>
              </value>
            </param>
          </params>
          <exception class="cucumber.runtime.CucumberException">
            <message>
              <![CDATA[java.lang.NullPointerException]]>
            </message>
            <full-stacktrace>
              <![CDATA[cucumber.runtime.CucumberException: java.lang.NullPointerException
at cucumber.api.testng.TestNGCucumberRunner.runCucumber(TestNGCucumberRunner.java:69)
at cucmberTestNGTestRunner.AdPortal_LogIn_002_TestRunner.feature(AdPortal_LogIn_002_TestRunner.java:32)
at sun.reflect.NativeMethodAccessorImpl.invoke0(Native Method)
at sun.reflect.NativeMethodAccessorImpl.invoke(NativeMethodAccessorImpl.java:62)
at sun.reflect.DelegatingMethodAccessorImpl.invoke(DelegatingMethodAccessorImpl.java:43)
at java.lang.reflect.Method.invoke(Method.java:498)
at org.testng.internal.MethodInvocationHelper.invokeMethod(MethodInvocationHelper.java:133)
at org.testng.internal.TestInvoker.invokeMethod(TestInvoker.java:584)
at org.testng.internal.TestInvoker.invokeTestMethod(TestInvoker.java:172)
at org.testng.internal.MethodRunner.runInSequence(MethodRunner.java:46)
at org.testng.internal.TestInvoker$MethodInvocationAgent.invoke(TestInvoker.java:804)
at org.testng.internal.TestInvoker.invokeTestMethods(TestInvoker.java:145)
at org.testng.internal.TestMethodWorker.invokeTestMethods(TestMethodWorker.java:146)
at org.testng.internal.TestMethodWorker.run(TestMethodWorker.java:128)
at java.util.ArrayList.forEach(ArrayList.java:1257)
at org.testng.TestRunner.privateRun(TestRunner.java:770)
at org.testng.TestRunner.run(TestRunner.java:591)
at org.testng.SuiteRunner.runTest(SuiteRunner.java:402)
at org.testng.SuiteRunner.runSequentially(SuiteRunner.java:396)
at org.testng.SuiteRunner.privateRun(SuiteRunner.java:355)
at org.testng.SuiteRunner.run(SuiteRunner.java:304)
at org.testng.SuiteRunnerWorker.runSuite(SuiteRunnerWorker.java:53)
at org.testng.SuiteRunnerWorker.run(SuiteRunnerWorker.java:96)
at org.testng.TestNG.runSuitesSequentially(TestNG.java:1180)
at org.testng.TestNG.runSuitesLocally(TestNG.java:1102)
at org.testng.TestNG.runSuites(TestNG.java:1032)
at org.testng.TestNG.run(TestNG.java:1000)
at org.testng.remote.AbstractRemoteTestNG.run(AbstractRemoteTestNG.java:115)
at org.testng.remote.RemoteTestNG.initAndRun(RemoteTestNG.java:251)
at org.testng.remote.RemoteTestNG.main(RemoteTestNG.java:77)
Caused by: java.lang.NullPointerException
at adPortalstepdefinitions.AdPortal_LogIn_002_StepDefinition.requestDashboard_verification(AdPortal_LogIn_002_StepDefinition.java:82)
at ✽.Then User lands on Request Dashboard page(/Users/p2815492/git/MediaSolutionsRepo/MediaSolutions_Automation/src/main/java/adportalfeatures/AdPortal_LogIn_002.feature:7)
]]>
            </full-stacktrace>
          </exception> <!-- cucumber.runtime.CucumberException -->
          <reporter-output>
          </reporter-output>
        </test-method> <!-- feature -->
        <test-method status="PASS" signature="testDownClass()[pri:0, instance:cucmberTestNGTestRunner.AdPortal_LogIn_002_TestRunner@11e21d0e]" name="testDownClass" is-config="true" duration-ms="8" started-at="2020-03-25T12:52:02 MDT" finished-at="2020-03-25T12:52:02 MDT">
          <reporter-output>
          </reporter-output>
        </test-method> <!-- testDownClass -->
      </class> <!-- cucmberTestNGTestRunner.AdPortal_LogIn_002_TestRunner -->
    </test> <!-- Default test -->
  </suite> <!-- Default suite -->
</testng-results>
