<?xml version="1.0" encoding="UTF-8"?>
<!-- Generated by org.testng.reporters.JUnitXMLReporter -->
<testsuite hostname="SR-C02ZM0XQLVDQ" ignored="0" name="Default test" tests="6" failures="0" timestamp="2020-04-21T09:31:46 MDT" time="203.167" errors="0">
  <testcase name="feature" time="113.472" classname="cucmberTestNGTestRunner.RegressionTestRunner"/>
  <testcase name="feature" time="6.741" classname="cucmberTestNGTestRunner.RegressionTestRunner"/>
  <testcase name="feature" time="25.185" classname="cucmberTestNGTestRunner.RegressionTestRunner"/>
  <testcase name="feature" time="32.156" classname="cucmberTestNGTestRunner.RegressionTestRunner"/>
  <testcase name="feature" time="6.812" classname="cucmberTestNGTestRunner.RegressionTestRunner"/>
  <testcase name="feature" time="18.304" classname="cucmberTestNGTestRunner.RegressionTestRunner"/>
</testsuite> <!-- Default test -->
